running egg_info
writing ../../build/yuntai_controller/yuntai_controller.egg-info/PKG-INFO
writing dependency_links to ../../build/yuntai_controller/yuntai_controller.egg-info/dependency_links.txt
writing entry points to ../../build/yuntai_controller/yuntai_controller.egg-info/entry_points.txt
writing requirements to ../../build/yuntai_controller/yuntai_controller.egg-info/requires.txt
writing top-level names to ../../build/yuntai_controller/yuntai_controller.egg-info/top_level.txt
reading manifest file '../../build/yuntai_controller/yuntai_controller.egg-info/SOURCES.txt'
adding license file 'LICENSE'
writing manifest file '../../build/yuntai_controller/yuntai_controller.egg-info/SOURCES.txt'
running build
running build_py
copying yuntai_controller/detect_subscribe.py -> /home/cx/yuntai_controller/build/yuntai_controller/build/lib/yuntai_controller
copying yuntai_controller/detect_node.py -> /home/cx/yuntai_controller/build/yuntai_controller/build/lib/yuntai_controller
running install
running install_lib
copying /home/cx/yuntai_controller/build/yuntai_controller/build/lib/yuntai_controller/detect_subscribe.py -> /home/cx/yuntai_controller/install/yuntai_controller/lib/python3.12/site-packages/yuntai_controller
copying /home/cx/yuntai_controller/build/yuntai_controller/build/lib/yuntai_controller/detect_node.py -> /home/cx/yuntai_controller/install/yuntai_controller/lib/python3.12/site-packages/yuntai_controller
byte-compiling /home/cx/yuntai_controller/install/yuntai_controller/lib/python3.12/site-packages/yuntai_controller/detect_subscribe.py to detect_subscribe.cpython-312.pyc
byte-compiling /home/cx/yuntai_controller/install/yuntai_controller/lib/python3.12/site-packages/yuntai_controller/detect_node.py to detect_node.cpython-312.pyc
running install_data
copying package.xml -> /home/cx/yuntai_controller/install/yuntai_controller/share/yuntai_controller
running install_egg_info
removing '/home/cx/yuntai_controller/install/yuntai_controller/lib/python3.12/site-packages/yuntai_controller-0.0.0-py3.12.egg-info' (and everything under it)
Copying ../../build/yuntai_controller/yuntai_controller.egg-info to /home/cx/yuntai_controller/install/yuntai_controller/lib/python3.12/site-packages/yuntai_controller-0.0.0-py3.12.egg-info
running install_scripts
Installing detect_node script to /home/cx/yuntai_controller/install/yuntai_controller/lib/yuntai_controller
Installing detect_subscribe script to /home/cx/yuntai_controller/install/yuntai_controller/lib/yuntai_controller
writing list of installed files to '/home/cx/yuntai_controller/build/yuntai_controller/install.log'
