running egg_info
creating ../../build/yuntai_controller/yuntai_controller.egg-info
writing ../../build/yuntai_controller/yuntai_controller.egg-info/PKG-INFO
writing dependency_links to ../../build/yuntai_controller/yuntai_controller.egg-info/dependency_links.txt
writing entry points to ../../build/yuntai_controller/yuntai_controller.egg-info/entry_points.txt
writing requirements to ../../build/yuntai_controller/yuntai_controller.egg-info/requires.txt
writing top-level names to ../../build/yuntai_controller/yuntai_controller.egg-info/top_level.txt
writing manifest file '../../build/yuntai_controller/yuntai_controller.egg-info/SOURCES.txt'
reading manifest file '../../build/yuntai_controller/yuntai_controller.egg-info/SOURCES.txt'
adding license file 'LICENSE'
writing manifest file '../../build/yuntai_controller/yuntai_controller.egg-info/SOURCES.txt'
running build
running build_py
creating /home/cx/yuntai_controller/build/yuntai_controller/build
creating /home/cx/yuntai_controller/build/yuntai_controller/build/lib
creating /home/cx/yuntai_controller/build/yuntai_controller/build/lib/yuntai_controller
copying yuntai_controller/__init__.py -> /home/cx/yuntai_controller/build/yuntai_controller/build/lib/yuntai_controller
copying yuntai_controller/detect_node.py -> /home/cx/yuntai_controller/build/yuntai_controller/build/lib/yuntai_controller
running install
running install_lib
creating /home/cx/yuntai_controller/install/yuntai_controller/lib/python3.12/site-packages/yuntai_controller
copying /home/cx/yuntai_controller/build/yuntai_controller/build/lib/yuntai_controller/__init__.py -> /home/cx/yuntai_controller/install/yuntai_controller/lib/python3.12/site-packages/yuntai_controller
copying /home/cx/yuntai_controller/build/yuntai_controller/build/lib/yuntai_controller/detect_node.py -> /home/cx/yuntai_controller/install/yuntai_controller/lib/python3.12/site-packages/yuntai_controller
byte-compiling /home/cx/yuntai_controller/install/yuntai_controller/lib/python3.12/site-packages/yuntai_controller/__init__.py to __init__.cpython-312.pyc
byte-compiling /home/cx/yuntai_controller/install/yuntai_controller/lib/python3.12/site-packages/yuntai_controller/detect_node.py to detect_node.cpython-312.pyc
running install_data
creating /home/cx/yuntai_controller/install/yuntai_controller/share/ament_index
creating /home/cx/yuntai_controller/install/yuntai_controller/share/ament_index/resource_index
creating /home/cx/yuntai_controller/install/yuntai_controller/share/ament_index/resource_index/packages
copying resource/yuntai_controller -> /home/cx/yuntai_controller/install/yuntai_controller/share/ament_index/resource_index/packages
copying package.xml -> /home/cx/yuntai_controller/install/yuntai_controller/share/yuntai_controller
running install_egg_info
Copying ../../build/yuntai_controller/yuntai_controller.egg-info to /home/cx/yuntai_controller/install/yuntai_controller/lib/python3.12/site-packages/yuntai_controller-0.0.0-py3.12.egg-info
running install_scripts
Installing detect_node script to /home/cx/yuntai_controller/install/yuntai_controller/lib/yuntai_controller
writing list of installed files to '/home/cx/yuntai_controller/build/yuntai_controller/install.log'
